<?xml version="1.0" encoding="UTF-8"?>
<testng-results ignored="0" total="1" passed="1" failed="0" skipped="0">
  <reporter-output>
  </reporter-output>
  <suite started-at="2026-06-16T17:31:07 IST" name="Default suite" finished-at="2026-06-16T17:31:17 IST" duration-ms="9933">
    <groups>
    </groups>
    <test started-at="2026-06-16T17:31:07 IST" name="Default test" finished-at="2026-06-16T17:31:17 IST" duration-ms="9933">
      <class name="User.UserLogin">
        <test-method is-config="true" signature="beforeClass()[pri:0, instance:User.UserLogin@7cc0cdad]" started-at="2026-06-16T17:31:07 IST" name="beforeClass" finished-at="2026-06-16T17:31:09 IST" duration-ms="1823" status="PASS">
          <reporter-output>
          </reporter-output>
        </test-method> <!-- beforeClass -->
        <test-method signature="userLogin()[pri:0, instance:User.UserLogin@7cc0cdad]" started-at="2026-06-16T17:31:09 IST" name="userLogin" finished-at="2026-06-16T17:31:17 IST" duration-ms="8009" status="PASS">
          <reporter-output>
          </reporter-output>
        </test-method> <!-- userLogin -->
        <test-method is-config="true" signature="afterClass()[pri:0, instance:User.UserLogin@7cc0cdad]" started-at="2026-06-16T17:31:17 IST" name="afterClass" finished-at="2026-06-16T17:31:17 IST" duration-ms="1" status="PASS">
          <reporter-output>
          </reporter-output>
        </test-method> <!-- afterClass -->
      </class> <!-- User.UserLogin -->
    </test> <!-- Default test -->
  </suite> <!-- Default suite -->
</testng-results>
